--- Звіт про нерозпізнані фрагменти ---
[Преамбула/Поза статтею] ЗАКОН УКРАЇНИ
[Преамбула/Поза статтею] Про академічну доброчесність
[Преамбула/Поза статтею] Верховна Рада України визнає академічну доброчесність важливою передумовою провадження якісної освітньої та наукової (творчої) діяльності, здобуття якісної освіти, утвердження в суспільстві довіри до результатів навчання і наукових (творчих) досягнень, а також формування поваги до честі та гідності людини.
[Преамбула/Поза статтею] Цей Закон проголошує базові цінності та визначає основні принципи і правила академічної доброчесності, правові та організаційні механізми її формування та забезпечення, основні ознаки і види порушень академічної доброчесності та заходи реагування на такі порушення.
наукову, науково-педагогічну, педагогічну, викладацьку діяльність;
навчальну діяльність здобувачів освіти;
освітню діяльність закладів освіти, наукових установ;
створення, виконання та оцінювання проектів у сфері освіти і науки;
створення, рецензування, наукове редагування академічних творів;
вступні випробування у закладах освіти (наукових установах);
проведення олімпіад, турнірів, конкурсів, змагань та інших заходів змагального характеру у сфері освіти і науки та участь у таких заходах (далі - конкурси);
присудження наукових ступенів і ступенів освіти, присвоєння вчених і педагогічних звань, кваліфікаційних категорій, обрання дійсних членів (академіків) і членів-кореспондентів Національної академії наук України та національних галузевих академій наук України;
здійснення процедур внутрішнього та зовнішнього забезпечення якості освіти;
атестацію наукових працівників;
державну атестацію наукових установ і закладів вищої освіти у частині провадження ними наукової і науково-технічної діяльності;
здійснення наукової і науково-технічної експертизи.
Суб’єкти академічної діяльності, які відповідно до законодавства мають право ухвалювати внутрішні акти, можуть визначати у таких актах додаткові цінності, принципи і правила академічної доброчесності, що не мають суперечити тим, що визначені цим Законом.
Суб’єкти академічної діяльності зобов’язані формувати та утверджувати культуру академічної доброчесності в їхніх академічних спільнотах, що ґрунтується на цінностях, принципах і правилах академічної доброчесності.
чесність суб’єктів академічної діяльності перед собою та іншими особами;
довіра до результатів академічної діяльності інших осіб, зокрема до того, що ці результати здобуті чесно та з дотриманням відповідних правил і стандартів;
повага до честі і гідності своєї та інших членів академічної спільноти, цінування різноманіття думок, повага до прав інтелектуальної власності інших осіб;
справедливість у ставленні суб’єктів академічної діяльності один до одного, зокрема створення справедливих політик закладів освіти, наукових установ, послідовне та неупереджене реагування на порушення академічної доброчесності, доброчесне оцінювання результатів академічної діяльності;
відповідальність суб’єктів академічної діяльності перед собою, один перед одним і перед суспільством за результати своєї академічної діяльності;
стійкість у доброчесному провадженні своєї академічної діяльності незалежно від зовнішніх і внутрішніх спонукань до порушення академічної доброчесності та від наявності чи відсутності зовнішнього контролю;
рішучість у формуванні та утвердженні культури академічної доброчесності, сміливість у захисті академічної доброчесності в академічній діяльності.
пріоритетність забезпечення дотримання академічної доброчесності здобувачами освіти шляхом застосування відповідних методів навчання, виховання, стимулювання і заохочення;
відкритість інформації про правила академічної доброчесності, види порушень академічної доброчесності та відповідальність за них;
нетерпимість (нульова толерантність) до будь-яких проявів порушення академічної доброчесності;
повага до результатів академічної діяльності (авторства) іншої людини та непорушність прав інтелектуальної власності;
уникнення конфлікту інтересів.
ставитися з повагою до здобувачів освіти та інших учасників освітнього процесу;
ґрунтувати власну діяльність на надійних і достовірних даних, що базуються на результатах досліджень та відображають сучасний стан знань з відповідних питань;
перевіряти надійність і достовірність інформації, що надається здобувачам освіти та іншим учасникам освітнього процесу;
чітко окреслювати очікувані результати навчання, встановлювати зрозумілі вимоги до виконання навчальних завдань та мати прозору систему оцінювання результатів навчання здобувачів освіти, яка базується на чітких оприлюднених критеріях;
доброчесно оцінювати академічні твори та навчальні роботи здобувачів освіти, переконуватися у відсутності ознак порушення академічної доброчесності;
власним прикладом сприяти формуванню у здобувачів освіти академічної доброчесності;
стимулювати та заохочувати здобувачів освіти до дотримання академічної доброчесності;
вчасно, неупереджено, невибірково реагувати на будь-які прояви порушення академічної доброчесності, припиняти такі порушення, застосовувати до здобувачів освіти заходи реагування на порушення академічної доброчесності у випадках і порядку, визначених цим Законом, спеціальними законами та/або внутрішніми актами.
дотримуватися цінностей, принципів і правил академічної доброчесності;
забезпечувати прозорість наукового дослідження (з урахуванням визначених законодавством обмежень) шляхом надання (зазначення, повідомлення тощо) достовірної (правдивої) інформації про первинні дані дослідження, використані/застосовані методи, методики, матеріали, обладнання тощо, порядок проведення і результати власних досліджень, джерела використаної інформації, власну дослідницьку діяльність;
аналізувати надійність і достовірність вихідної інформації та раніше отриманих наукових результатів, що використовуються для отримання нових наукових результатів;
формулювати або формувати висновки і рекомендації за результатами досліджень на основі належних доказів і фактів;
чітко виокремлювати і розмежовувати результати власної наукової діяльності та результати наукової діяльності інших осіб;
під час оприлюднення результатів досліджень нести відповідальність за їх достовірність і вплив на суспільство.
виконувати кожне навчальне завдання самостійно, крім випадків, якщо його виконання передбачає участь декількох осіб та/або правилами виконання відповідних завдань дозволено отримання допомоги від інших осіб, використання допоміжних матеріалів та засобів, у тому числі з інтернет-ресурсів;
у разі використання у власному академічному творі результатів інтелектуальної творчої діяльності іншого автора (текстів, зображень, ідей, розробок, тверджень, відомостей, думок тощо) зазначати посилання на відповідне джерело інформації та/або відповідного автора;
академічний твір здобувача освіти може включати раніше створений ним академічний твір (повністю або частково) лише у разі, якщо це дозволено умовами навчального завдання.
Якщо в академічному творі використані результати інтелектуальної творчої діяльності (текст, зображення, ідея, розробка, твердження, відомості, думка тощо) іншої особи, про це має бути зазначено в такому академічному творі з посиланням на відповідне джерело інформації та/або відповідного автора.
Посилання на джерело інформації здійснюється у спосіб, що дає змогу виокремити внесок автора в академічному творі серед результатів інтелектуальної творчої діяльності інших осіб.
У разі наведення припущень чи недоведених тверджень про це має бути зазначено в академічному творі.
Інформація про рецензента (рецензентів) академічного твору може не оприлюднюватися відповідно до редакційної політики видавця.
Оцінюванню підлягають персональні (індивідуальні) результати діяльності особи, досягнуті нею особисто, або результати діяльності авторського колективу, що їх отримав.
з дотриманням визначених у цьому Законі цінностей, принципів і правил академічної доброчесності;
відповідно до заздалегідь визначених і оприлюднених вимог до об’єкта оцінювання, процедур оцінювання та чітких і зрозумілих критеріїв оцінювання;
за допомогою методів та інструментів оцінювання, що здатні забезпечити досягнення мети оцінювання;
за відсутності недозволеної допомоги під час оцінювання результатів діяльності та/або створених для окремої особи (групи осіб) переваг чи перешкод, не передбачених умовами та/або процедурами проходження оцінювання (крім додаткової підтримки для осіб з особливими освітніми потребами);
за відсутності конфлікту інтересів або після його врегулювання в порядку, встановленому законодавством;
за відсутності упередженого ставлення або дискримінації особи за будь-якою ознакою.
чітко визначати категорії осіб/суб’єктів, які можуть брати участь у конкурсі;
створити рівні умови для всіх учасників конкурсу на всіх етапах його проведення;
визначити, заздалегідь оприлюднити чіткі і зрозумілі правила проведення конкурсу та забезпечити їх безумовне дотримання.
внутрішню політику щодо формування, забезпечення та популяризації академічної доброчесності;
вимоги до створення, оприлюднення, виконання та оцінювання академічних творів, навчальних робіт у частині забезпечення академічної доброчесності;
заходи, спрямовані на формування та утвердження культури академічної доброчесності;
порядок формування, повноваження та відповідальність уповноважених органів;
повноваження та відповідальність уповноважених осіб;
процедуру розгляду повідомлень про порушення академічної доброчесності, зокрема гарантії дотримання прав учасників освітнього процесу та вчених під час розгляду таких повідомлень, порядок прийняття рішень про застосування до особи заходів реагування на порушення академічної доброчесності та порядок оскарження таких рішень.
Положення внутрішнього акта не можуть суперечити цьому Закону та іншим актам законодавства.
організації розроблення, своєчасного оновлення та оприлюднення внутрішніх актів з питань академічної доброчесності на офіційному веб-сайті закладу освіти, наукової установи, а в разі його відсутності - на офіційному веб-сайті засновника;
систематичного проведення регулярних заходів з популяризації, пропагування, підвищення обізнаності про цінності, принципи, правила академічної доброчесності, вивчення і розгляду вітчизняного та іноземного досвіду щодо забезпечення академічної доброчесності тощо;
забезпечення доступу (за потреби) учасників освітнього процесу, вчених до спеціалізованого програмного забезпечення з виявлення ознак порушення академічної доброчесності відповідно до внутрішніх актів;
забезпечення обов’язкового фіксування повідомлень про порушення академічної доброчесності;
організації перевірки повідомлень про порушення академічної доброчесності особами, які претендують на посади наукових, науково-педагогічних, педагогічних працівників, що має відбуватися на засадах, визначених статтею 37 цього Закону;
забезпечення належного розгляду повідомлень про порушення академічної доброчесності, притягнення до відповідальності осіб, які порушили академічну доброчесність, документування прийнятих рішень, розміщення їх на офіційному веб-сайті закладу освіти, наукової установи, а в разі його відсутності - на офіційному веб-сайті засновника.
проводять навчання з академічної доброчесності, зокрема з академічного письма;
вживають заходів для недопущення надмірного навчального навантаження здобувачів освіти, забезпечують відповідність обсягу і рівня складності завдань для самостійної роботи часу, відведеному навчальним планом на її виконання.
особистого дотримання академічної доброчесності;
навчання принципам і правилам академічної доброчесності, підвищення рівня обізнаності здобувачів освіти щодо академічної доброчесності;
стимулювання та заохочення здобувачів освіти до дотримання академічної доброчесності;
формування завдань, що сприяють творчому підходу здобувача освіти до їх виконання;
уникнення завдань для здобувачів вищої освіти, що полягають у відтворенні загальнодоступної інформації;
припинення виявлених ним порушень академічної доброчесності здобувачами освіти;
застосування до здобувачів освіти виховних заходів реагування на порушення академічної доброчесності;
притягнення здобувача освіти до академічної відповідальності у випадках і порядку, визначених внутрішніми актами.
формувати у своїх дітей усвідомлення необхідності дотримуватися цінностей, принципів і правил академічної доброчесності;
заохочувати та стимулювати своїх дітей до дотримання ними академічної доброчесності;
сприяти дотриманню дітьми академічної доброчесності.
У разі якщо такий факт встановлено стосовно особи, яка бере участь у конкурсі на посаду керівника закладу освіти, наукової установи, така особа виключається з переліку кандидатів на відповідну посаду.
У разі якщо такий факт встановлено стосовно керівника закладу освіти, наукової установи, така особа звільняється з посади відповідно до закону.
Інформація про відкликання академічного твору надсилається видавцем до бібліотек, до яких були надіслані примірники такого академічного твору.
Встановлення факту порушення академічної доброчесності в академічному творі, зазначеному в абзаці першому цієї частини, є підставою для відмови у присудженні відповідного наукового (освітньо-творчого) ступеня, ступеня вищої освіти.
Рішення про відмову у присудженні освітньої кваліфікації ухвалює екзаменаційна комісія закладу освіти, наукової установи, а про відмову у присудженні наукового (освітньо-творчого) ступеня - спеціалізована вчена рада (разова спеціалізована вчена рада), спеціалізована рада з присудження ступеня доктора мистецтва.
порушення принципу рівності, зокрема шляхом упередженого та/або дискримінаційного ставлення до іншого учасника освітнього процесу, вченого;
упереджене оцінювання результатів академічної діяльності;
застосування виду академічної відповідальності, що не відповідає змісту та рівню (значущості) вчиненого порушення академічної доброчесності;
надання або отримання незаслуженої переваги;
Встановлення факту порушення академічної доброчесності є виключним повноваженням уповноваженого органу або уповноваженої особи.
обов’язковість і своєчасність реагування;
неупереджене (недискримінаційне) ставлення до осіб, стосовно яких надійшло повідомлення про можливе порушення ними академічної доброчесності;
обов’язковість встановлення вини особи у вчиненні нею порушення академічної доброчесності;
співмірність порушення і заходів реагування;
притягнення до академічної відповідальності виключно за діяння (дії чи бездіяльність), які на момент їх вчинення порушували встановлені вимоги чи заборони;
прозорість процедур розгляду повідомлень про порушення академічної доброчесності, визначення заходів реагування на встановлені порушення.
Відсутність судового рішення або рішення іншого уповноваженого органу щодо притягнення особи до іншого виду відповідальності не є перешкодою для розгляду питання щодо порушення особою академічної доброчесності відповідно до цього Закону та притягнення винної особи до академічної відповідальності.
Встановлення факту вчинення особою порушення академічної доброчесності та притягнення такої особи до академічної відповідальності здійснюються відповідно до процедур, визначених цим Законом та внутрішніми актами.
До особи, яка порушила академічну доброчесність, може бути застосовано одну або декілька санкцій.
виключення зі складу вченої ради, інших колегіальних органів управління закладу освіти, наукової установи з позбавленням права бути членом відповідного органу на строк від одного до трьох років;
позбавлення права участі в атестації здобувачів ступеня вищої освіти, наукового (освітньо-творчого) ступеня на строк від одного до трьох років;
позбавлення права брати участь у конкурсах щодо отримання грантів, участі у програмах академічної мобільності на строк від одного до трьох років;
позбавлення права бути науковим керівником, творчим керівником, науковим консультантом здобувачів вищої освіти (здобувачів ступеня доктора наук) на строк від одного до трьох років;
позбавлення права бути керівником та/або відповідальним виконавцем наукових досліджень та/або наукових проектів на строк від одного до трьох років;
заборона претендувати на присвоєння педагогічного (вченого) звання на строк від одного до трьох років;
виключення зі складу редакційної колегії наукового видання, заснованого закладом вищої освіти, науковою установою, з позбавленням права бути членом редакційної колегії (редакційних колегій) на строк від одного до трьох років;
відрахування здобувача наукового ступеня;
позбавлення ступеня вищої освіти та відповідної кваліфікації (кваліфікацій);
позбавлення наукового ступеня;
позбавлення вченого звання;
позбавлення педагогічного звання;
позбавлення кваліфікаційної категорії;
позбавлення нагород, відзнак, почесних звань, присуджених (присвоєних) закладом освіти, науковою установою;
догана;
звільнення із закладу освіти, наукової установи.
відвідування тематичних занять (урок, лекція, курс, тренінг тощо) з академічної доброчесності та/або академічного письма;
усне попередження про необхідність дотримання академічної доброчесності та можливе притягнення до академічної відповідальності;
письмове попередження про необхідність дотримання академічної доброчесності та можливе притягнення до академічної відповідальності;
повторне виконання завдання;
повторне проходження (виконання) відповідного освітнього компонента освітньої програми;
повторне проходження оцінювання (включаючи підсумкове оцінювання або атестацію);
позбавлення права брати участь у конкурсах щодо отримання стипендій, грантів, участі у програмах академічної мобільності на строк від одного до трьох років;
відрахування з числа осіб, які здобувають освіту за державним чи регіональним замовленням;
позбавлення пільг з оплати навчання та/або інших пільг, наданих закладом освіти, науковою установою, на строк від одного до трьох років;
позбавлення академічної стипендії на строк до одного навчального року;
виключення зі складу вченої ради з позбавленням права бути членом вченої ради на строк від одного до трьох років;
відрахування здобувача фахової передвищої освіти (крім осіб, які одночасно здобувають повну загальну середню освіту, та осіб з особливими освітніми потребами);
відрахування здобувача вищої освіти (крім осіб з особливими освітніми потребами).
припинення участі у конкурсі;
скасування рішення про результати конкурсу (в частині, що стосується особи, яка вчинила порушення академічної доброчесності).
Заклад освіти, наукова установа може встановлювати різні санкції за порушення академічної доброчесності, що застосовуються до вчених, педагогічних і науково-педагогічних працівників, здобувачів освіти різних рівнів освіти, років навчання, інших ознак, а також за повторне вчинення порушення академічної доброчесності.
Забороняється встановлювати різні санкції залежно від громадянства, джерела фінансування навчання здобувача освіти, ознак, передбачених законодавством у сфері запобігання та протидії дискримінації.
Авторство вважається відчуженим з моменту оприлюднення академічного твору (його частини) під іменем особи, яка не є його (її) автором.
У разі встановлення факту відчуження авторства кваліфікаційної роботи, вчиненого здобувачем вищої освіти, такий здобувач відраховується із закладу освіти, наукової установи.
У разі встановлення факту відчуження авторства, вчиненого здобувачем наукового (освітньо-творчого) ступеня, такий здобувач відраховується із закладу освіти, наукової установи.
Особа, яка, користуючись службовим становищем, схиляла автора академічного твору до порушення академічної доброчесності у виді приписування авторства собі чи іншій особі, може бути звільнена із закладу освіти, наукової установи відповідно до пункту 7 частини першої статті 41 Кодексу законів про працю України.
До здобувачів освіти, які зазначені як автори такого академічного твору, можуть бути застосовані санкції, визначені внутрішніми актами.
Не вважається самоплагіатом оприлюднення в дисертації на здобуття наукового ступеня раніше опублікованих власних наукових результатів без зазначення інформації про джерело попереднього оприлюднення.
У разі виявлення у звіті про виконання наукового проекту наукових результатів, що були оприлюднені раніше, до початку його виконання, які подаються як результати виконання цього проекту, замовник проекту може визнати цей проект невиконаним або виконаним частково.
За вчинення фабрикації до здобувача наукового ступеня, здобувача вищої освіти можуть бути застосовані санкції у виді відрахування із закладу освіти, наукової установи або інші санкції, визначені внутрішніми актами.
За вчинення фальсифікації до здобувача наукового ступеня, здобувача вищої освіти можуть бути застосовані санкції у виді відрахування із закладу освіти, наукової установи або інші санкції, визначені внутрішніми актами.
У разі встановлення факту недоброчесного оцінювання відповідна оцінка має бути приведена (за можливості) у відповідність із продемонстрованими чи оприлюдненими результатами академічної діяльності.
Несамостійне виконання навчальних, конкурсних завдань може здійснюватися у формі списування, виконання завдання іншою особою чи в іншій формі, визначеній актами законодавства, внутрішніми актами або правилами проведення конкурсу.
Порушення академічної доброчесності вступником, виявлене після його зарахування до складу здобувачів освіти, є підставою для його відрахування зі складу здобувачів освіти.
позбавлення права утворювати спеціалізовані вчені ради (спеціалізовані ради з присудження ступеня доктора мистецтва) та присуджувати наукові (освітньо-творчі) ступені;
відмова в акредитації освітньої програми;
скасування рішення про акредитацію освітньої програми;
відмова в інституційній акредитації;
зниження оцінки за результатами державної атестації наукової установи, закладу вищої освіти в частині провадження ним наукової (науково-технічної) діяльності;
виключення наукової установи, закладу вищої освіти з Державного реєстру наукових установ, яким надається підтримка держави;
притягнення до дисциплінарної відповідальності керівника закладу освіти, наукової установи;
виключення наукового видання з переліку наукових фахових видань України.
про надсилання відповідного повідомлення до уповноваженого органу (уповноваженої особи);
про утворення уповноваженого органу (призначення уповноваженої особи) та надсилання до нього (неї) відповідного повідомлення;
про притягнення особи до академічної та/або дисциплінарної відповідальності у випадку, визначеному частиною сьомою цієї статті, з підстав та в порядку, визначених внутрішніми актами.
У разі реорганізації закладу освіти, наукової установи відповідне повідомлення надсилається його (її) правонаступнику, а в разі ліквідації - засновнику, який протягом 30 календарних днів визначає заклад освіти, наукову установу, що розглядатиме це повідомлення відповідно до цього Закону.
ухвалює рішення про початок розгляду повідомлення за встановленою процедурою або про залишення повідомлення без розгляду і повідомляє про це заявника;
надсилає/надає особі, стосовно якої надійшло повідомлення, його копію та не пізніш як за три робочі дні до дати розгляду інформує її про дату, час і місце розгляду повідомлення.
Порядок розгляду повідомлення про порушення академічної доброчесності має визначати:
процедуру ініціювання розгляду повідомлення;
процедуру повідомлення особи, стосовно якої надійшло повідомлення, та заявника чи його представника (за наявності) про початок розгляду повідомлення;
етапи і строки розгляду повідомлення та прийняття рішення про наявність (відсутність) порушення академічної доброчесності (не більше шести місяців з дня реєстрації повідомлення);
процедуру залучення зовнішніх експертів, врегулювання конфлікту інтересів, забезпечення участі заінтересованих осіб у розгляді відповідного питання, дотримання прав осіб, які можуть зазнати негативних наслідків;
процедуру прийняття рішення щодо притягнення особи до академічної відповідальності та/або застосування інших заходів реагування на порушення академічної доброчесності;
визначення уповноваженого органу (уповноваженої особи) або процедуру створення такого уповноваженого органу (призначення уповноваженої особи).
У прийнятті рішення щодо встановлення факту порушення особою академічної доброчесності не може брати участь особа, яка має конфлікт інтересів.
бути поінформованою про початок процедури розгляду повідомлення;
бути поінформованою про дату, час і місце та бути присутньою під час розгляду повідомлення;
ознайомлюватися з усіма матеріалами щодо порушення нею академічної доброчесності, надавати до них зауваження;
надавати усні та письмові заперечення, пояснення або відмовитися від їх надання;
брати участь у дослідженні доказів порушення академічної доброчесності.
У такому разі до складу уповноваженого органу обов’язково включаються одна або декілька осіб, уповноважених органом самоврядування здобувачів освіти, визначеним положенням про самоврядування здобувачів освіти закладу освіти, наукової установи. За відсутності в закладі освіти самоврядування здобувачів освіти до складу уповноваженого органу делегуються здобувачі освіти у порядку, визначеному внутрішнім актом закладу освіти.
Національне агентство із забезпечення якості вищої освіти - стосовно керівника закладу вищої освіти, наукової установи;
відповідний територіальний орган центрального органу виконавчої влади із забезпечення якості освіти - стосовно керівника іншого закладу освіти.
Територіальний орган центрального органу виконавчої влади із забезпечення якості освіти надсилає одержане повідомлення до закладу освіти, що здійснює освітню діяльність на відповідному рівні освіти. Такий заклад освіти визначається в порядку, затвердженому центральним органом виконавчої влади із забезпечення якості освіти.
Повідомлення не надсилається для розгляду до закладів освіти, наукових установ, в яких особа, стосовно якої розглядається повідомлення, здобула освіту, науковий ступінь та/або вчене звання, а також до закладів освіти та наукових установ, в яких вона працювала протягом останніх п’яти років.
За потреби рішення уповноваженого органу закладу освіти, наукової установи надсилається до закладу освіти, наукової установи, в якому (якій) працює особа, стосовно якої встановлено факт порушення академічної доброчесності, або до засновника закладу освіти, наукової установи, що уповноважені відповідно до законодавства реалізувати відповідний вид санкції.
У разі відсутності правонаступника закладу освіти, наукової установи відповідне повідомлення надсилається до Національного агентства із забезпечення якості вищої освіти, яке в затвердженому ним порядку визначає заклад вищої освіти чи наукову установу, що розглядатиме повідомлення.
про позбавлення особи, яка вчинила порушення академічної доброчесності, наукового ступеня, ступеня доктора мистецтва, ступеня вищої освіти та відповідної кваліфікації (кваліфікацій), вченого звання, що було присуджено (присвоєно) на підставі та/або з урахуванням відповідного академічного твору, - у разі встановлення наявності академічного плагіату, фальсифікації, фабрикації;
про відмову у позбавленні особи наукового ступеня, ступеня доктора мистецтва, ступеня вищої освіти та відповідної кваліфікації (кваліфікацій), вченого звання - у разі невстановлення наявності академічного плагіату, фальсифікації, фабрикації.
Таке рішення оприлюднюється на офіційному веб-сайті закладу освіти, наукової установи протягом п’яти робочих днів з дня його прийняття.
Порядок подання та розгляду скарги на рішення уповноваженого органу закладу вищої освіти, наукової установи розробляється Національним агентством із забезпечення якості вищої освіти та затверджується центральним органом виконавчої влади у сфері освіти і науки.
про встановлення наявності академічного плагіату, фабрикації, фальсифікації в академічному творі (академічних творах), на підставі чи з урахуванням якого (яких) особі присуджено науковий ступінь, ступінь доктора мистецтва, присвоєно вчене звання;
про невстановлення наявності академічного плагіату, фабрикації, фальсифікації в академічному творі (академічних творах), на підставі чи з урахуванням якого (яких) особі присуджено науковий ступінь, ступінь доктора мистецтва, присвоєно вчене звання.
Таке рішення оприлюднюється на офіційному веб-сайті Національного агентства із забезпечення якості вищої освіти протягом п’яти робочих днів з дня його прийняття. Копія рішення надсилається до закладу освіти, наукової установи та заявнику.
про позбавлення особи наукового ступеня, ступеня доктора мистецтва та/або вченого звання, що було присуджено (присвоєно) на підставі та/або з урахуванням академічного твору (академічних творів), в якому (яких) Національним агентством із забезпечення якості вищої освіти було встановлено наявність академічного плагіату, фабрикації, фальсифікації;
про відмову у позбавленні особи наукового ступеня, ступеня доктора мистецтва та/або вченого звання у разі невстановлення Національним агентством із забезпечення якості вищої освіти наявності академічного плагіату, фабрикації, фальсифікації в академічному творі (академічних творах), на підставі та/або з урахуванням якого (яких) присуджено науковий ступінь, ступінь доктора мистецтва, присвоєно вчене звання.
Рішення уповноваженого органу закладу освіти, наукової установи може бути оскаржено до вищого колегіального органу управління (вченої ради, педагогічної ради, наукової ради тощо) відповідного закладу освіти, наукової установи протягом 30 календарних днів з дня його оприлюднення.
Рішення за результатами розгляду скарги набирає чинності з дня його оприлюднення на офіційному веб-сайті Національного агентства із забезпечення якості вищої освіти, закладу освіти, наукової установи.
така особа втрачає права, пов’язані з наявністю у неї відповідного наукового ступеня, ступеня доктора мистецтва, ступеня вищої освіти, кваліфікації (кваліфікацій), вченого звання;
втрачають чинність рішення про присудження такій особі відповідного наукового ступеня, ступеня доктора мистецтва, ступеня вищої освіти, кваліфікації (кваліфікацій) чи присвоєння відповідного вченого звання і видані на підставі таких рішень дипломи (атестати);
втрачають чинність рішення про присудження такій особі наукового ступеня, ступеня вищої освіти та/або відповідної кваліфікації (кваліфікацій), присвоєння вченого звання (вчених звань), ухвалені на підставі та/або з урахуванням наукового ступеня, ступеня доктора мистецтва, ступеня вищої освіти та/або відповідної кваліфікації (кваліфікацій), вченого звання, якого особу позбавлено, і видані на підставі таких рішень дипломи (атестати).
Якщо на момент набрання чинності рішенням про позбавлення особи наукового ступеня, ступеня доктора мистецтва, ступеня вищої освіти та відповідної кваліфікації (кваліфікацій), вченого звання така особа обіймає посаду, кваліфікаційні вимоги до якої та/або умови конкурсу передбачають обов’язкову наявність відповідного наукового ступеня, ступеня доктора мистецтва, ступеня вищої освіти та/або кваліфікації (кваліфікацій), та/або вченого звання, вона звільняється з такої посади відповідно до пункту 2 частини першої статті 40 Кодексу законів про працю України.
У разі встановлення Національним агентством із забезпечення якості вищої освіти наявності академічного плагіату, фабрикації, фальсифікації у науковій роботі (творчому мистецькому проекті), на підставі чи з урахуванням якої (якого) присуджено ступінь доктора філософії (доктора мистецтва), заклад вищої освіти, наукова установа, разова спеціалізована вчена рада (спеціалізована рада з присудження ступеня доктора мистецтва) якого (якої) присудила ступінь доктора філософії (доктора мистецтва), втрачає право утворювати разові спеціалізовані вчені ради (спеціалізовану раду з присудження ступеня доктора мистецтва) та присуджувати ступінь доктора філософії (доктора мистецтва) з відповідної спеціальності протягом одного року з дня набрання чинності відповідним рішенням, а Національне агентство із забезпечення якості вищої освіти проводить постакредитаційний моніторинг відповідної освітньої програми.
У разі встановлення Національним агентством із забезпечення якості вищої освіти наявності академічного плагіату, фабрикації, фальсифікації у науковій роботі, на підставі чи з урахуванням якої присвоєно вчене звання, заклад вищої освіти, наукова установа, вчена (науково-технічна) рада якого (якої) присвоїла вчене звання, втрачає право присвоювати вчені звання з відповідної спеціальності протягом двох років з дня набрання чинності відповідним рішенням.
пункту 3 цього розділу, який набирає чинності з дня введення в дію цього Закону;
пункту 4 цього розділу, який вводиться в дію з дня набрання чинності цим Законом.
частину першу доповнити пунктом 7 такого змісту:
"7) вчинення педагогічним, науково-педагогічним, науковим працівником порушення академічної доброчесності у випадках, визначених законом";
у частині третій цифри "4-5" замінити цифрами "4-5, 7";
абзац п’ятий статті 3 викласти в такій редакції:
"відповідальність за дотримання академічної доброчесності під час проведення експертизи, достовірність і повноту аналізу, обґрунтованість рекомендацій експертизи";
статтю 7 доповнити новою частиною такого змісту:
"За порушення академічної доброчесності під час проведення наукової, науково-технічної експертизи фізичні особи, які на постійній або професійній основі здійснюють діяльність, пов’язану з наданням експертних послуг, позбавляються права на проведення наукової, науково-технічної експертизи на строк від одного до трьох років у порядку, визначеному центральним органом виконавчої влади, що реалізує державну політику у сфері наукової, науково-технічної діяльності";
частину другу статті 19 виключити;
абзац шостий частини другої статті 20 викласти в такій редакції:
"забезпечувати дотримання цінностей, принципів і правил академічної доброчесності, вимог щодо захисту права інтелектуальної власності стосовно об’єктів експертизи та матеріалів, наданих для підготовки експертних висновків";
частину восьму статті 21 доповнити новим абзацом такого змісту:
"дотримуватися цінностей, принципів і правил академічної доброчесності";
"16) рекламувати послуги із створення (написання, виготовлення тощо) академічних творів або їхніх частин, послуги, що передбачають відчуження, приписування авторства або інші порушення академічної доброчесності, визначені законом";
пункт 1-1 частини першої статті 1 виключити;
у частині першій статті 2 слова "Про освіту", "Про наукову і науково-технічну діяльність" замінити словами "Про освіту", "Про академічну доброчесність", "Про наукову і науково-технічну діяльність";
частину другу статті 3 доповнити пунктом 1-2 такого змісту:
"1-2) сприяння формуванню та утвердженню культури академічної доброчесності";
у статті 6:
абзац четвертий частини другої виключити;
абзаци другий - четвертий частини шостої викласти в такій редакції:
"Встановлення наявності академічного плагіату, фабрикації чи фальсифікації у захищеній здобувачем дисертації є підставою для припинення дії рішення разової спеціалізованої вченої ради про присудження йому ступеня доктора філософії та видачу відповідного диплома.
У разі встановлення відповідно до законодавства наявності у дисертації здобувача ступеня доктора філософії академічного плагіату, фабрикації, фальсифікації та/або порушення встановленої законодавством процедури захисту дисертації дія рішення разової спеціалізованої вченої ради про присудження ступеня доктора філософії припиняється закладом вищої освіти чи науковою установою, в якому (якій) вона була утворена, або Національним агентством із забезпечення якості вищої освіти у порядку, встановленому Кабінетом Міністрів України.
Якщо у дисертації, захищеній здобувачем ступеня доктора філософії, відповідно до законодавства встановлено наявність академічного плагіату, фабрикації чи фальсифікації, науковий керівник такого здобувача позбавляється права участі у підготовці та атестації здобувачів ступеня доктора філософії строком на два роки, голова та члени разової спеціалізованої вченої ради, в якій відбувся захист цієї дисертації, та офіційні опоненти, які надали позитивні висновки на дисертацію, позбавляються права участі в атестації здобувачів ступеня доктора філософії строком на два роки, а заклад вищої освіти чи наукова установа позбавляється права утворювати разову спеціалізовану вчену раду за відповідною спеціальністю строком на один рік, крім випадку припинення дії рішення разової спеціалізованої вченої ради про присудження ступеня доктора філософії закладом вищої освіти чи науковою установою";
у пункті 8 частини другої статті 16 слова "у тому числі створення і забезпечення функціонування ефективної системи запобігання та виявлення академічного плагіату" виключити;
пункти 1 і 2 частини третьої статті 32 викласти в такій редакції:
"1) мати внутрішню систему забезпечення якості вищої освіти, що відповідає вимогам, визначеним цим Законом та Законом України "Про академічну доброчесність";
частину четверту статті 54 доповнити новим абзацом такого змісту:
"У випадках та в порядку, визначених Законом України "Про академічну доброчесність", особа може бути позбавлена вченого звання";
пункт 3-1 частини першої статті 58 викласти в такій редакції:
"3-1) дотримуватися в освітньому процесі та науковій (творчій) діяльності цінностей, принципів і правил академічної доброчесності та забезпечувати їх дотримання здобувачами вищої освіти";
у частині першій статті 63:
доповнити пунктом 1-1 такого змісту:
"1-1) дотримуватися цінностей, принципів і правил академічної доброчесності";
пункт 3 викласти в такій редакції:
"3) виконувати вимоги індивідуального навчального плану та досягати визначених освітньою програмою результатів навчання";
частину шосту статті 69 виключити;
у частині першій статті 3 слова "цього Закону" замінити словами "цього Закону, Закону України "Про академічну доброчесність";
статтю 7 доповнити частиною вісімнадцятою такого змісту:
"18. Наукова установа зобов’язана розробити та забезпечити ефективне функціонування внутрішньої системи забезпечення академічної доброчесності відповідно до вимог, визначених цим Законом та Законом України "Про академічну доброчесність";
частину сьому статті 20 доповнити пунктом 12-1 такого змісту:
"12-1) надання рекомендацій Національній академії наук України, національним галузевим академіям наук України, науковим установам щодо дотримання цінностей, принципів і правил академічної доброчесності";
у статті 28-1:
друге речення частини п’ятої викласти в такій редакції: "Встановлення відповідно до законодавства в поданих до захисту дисертації або наукових публікаціях фактів академічного плагіату, фабрикації, фальсифікації є підставою для прийняття спеціалізованою вченою радою рішення про відмову у присудженні наукового ступеня доктора наук";
частини шосту і сьому виключити;
частину першу статті 50 доповнити пунктом 5 такого змісту:
"5) дотримання цінностей, принципів і правил академічної доброчесності";
в абзаці шостому пункту 5 частини першої статті 53 слова "Положення про дотримання принципів" замінити словами "Положення про дотримання цінностей, принципів і правил академічної доброчесності, принципів";
в абзаці п’ятому пункту 1 частини четвертої статті 54 слова "Положення про дотримання принципів" замінити словами "Положення про дотримання цінностей, принципів і правил академічної доброчесності, принципів";
абзац четвертий частини третьої статті 41 після слова "оцінювання" доповнити словами "результатів навчання";
статтю 42 викласти в такій редакції:
"Стаття 42. Академічна доброчесність
у статті 53:
абзац п’ятий частини першої викласти в такій редакції:
"доброчесне оцінювання результатів навчання";
у частині третій:
абзац другий викласти в такій редакції:
"виконувати вимоги освітньої програми та індивідуального навчального плану (за наявності), досягти результатів навчання, передбачених освітньою програмою)";
після абзацу другого доповнити новим абзацом такого змісту:
"дотримуватися цінностей, принципів і правил академічної доброчесності".
У зв’язку з цим абзаци третій - шостий вважати відповідно абзацами четвертим - сьомим;
у статті 54:
в абзаці десятому частини першої слова "справедливе та об’єктивне" замінити словом "доброчесне";
частину другу після абзацу одинадцятого доповнити новим абзацом такого змісту:
"стимулювати і забезпечувати розвиток творчості, критичного та креативного мислення у здобувачів освіти".
У зв’язку з цим абзаци дванадцятий - вісімнадцятий вважати відповідно абзацами тринадцятим - дев’ятнадцятим;
абзац другий частини третьої статті 75 виключити;
у частині третій статті 1 слова "Про освіту" замінити словами "Про освіту", "Про академічну доброчесність";
пункт 10 частини другої статті 17 викласти в такій редакції:
"10) забезпечення дотримання академічної доброчесності працівниками закладів фахової передвищої освіти та здобувачами фахової передвищої освіти, у тому числі створення і забезпечення функціонування ефективної внутрішньої системи забезпечення академічної доброчесності";
статтю 26 викласти в такій редакції:
"Стаття 26. Забезпечення академічної доброчесності у сфері фахової передвищої освіти
пункт 2 частини четвертої статті 30 викласти в такій редакції:
"2) мати внутрішню систему забезпечення якості фахової передвищої освіти, у тому числі внутрішню систему забезпечення академічної доброчесності, що відповідає вимогам, визначеним цим Законом та Законом України "Про академічну доброчесність";
у частині першій статті 55:
пункт 1 викласти в такій редакції:
"1) виконувати вимоги індивідуального навчального плану та досягти результатів навчання, передбачених стандартом фахової передвищої освіти та освітньо-професійною програмою";
у пункті 5 слова "установчих документів" замінити словами "цінностей, принципів і правил академічної доброчесності, установчих документів";
у пункті 4 частини першої статті 62 слова "дотримуватися академічної доброчесності" замінити словами "дотримуватися цінностей, принципів і правил академічної доброчесності", а слово "її" - словом "їх";
частину другу статті 1 викласти в такій редакції:
"2. Інші терміни вживаються в цьому Законі у значеннях, наведених у законах України "Про освіту", "Про академічну доброчесність" та інших законах";
абзац перший частини другої статті 42 викласти в такій редакції:
"2. Внутрішня система забезпечення якості освіти формується закладом освіти та повинна включати внутрішню систему забезпечення академічної доброчесності, що відповідає вимогам, визначеним цим Законом і Законом України "Про академічну доброчесність";
статтю 43 викласти в такій редакції:
"Стаття 43. Забезпечення академічної доброчесності у сфері загальної середньої освіти
статтю 3 доповнити частиною п’ятою такого змісту:
"5. Дія цього Закону не поширюється на відносини щодо застосування заходів реагування на порушення академічної доброчесності";
пункт 2 частини першої статті 11 після слів "використання твору" доповнити словами "(крім оприлюднення академічного твору)".
забезпечити прийняття нормативно-правових актів, необхідних для реалізації цього Закону, та набрання ними чинності одночасно з набранням чинності цим Законом;
привести свої нормативно-правові акти у відповідність із цим Законом;
забезпечити приведення міністерствами, іншими центральними органами виконавчої влади їх нормативно-правових актів у відповідність із цим Законом;
Президент України
В. ЗЕЛЕНСЬКИЙ
м. Київ
18 грудня 2025 року
№ 4742-IX
